IQ-TREE multicore version 1.6.10 for Linux 64-bit built Feb 19 2019
Developed by Bui Quang Minh, Nguyen Lam Tung, Olga Chernomor,
Heiko Schmidt, Dominik Schrempf, Michael Woodhams.

Host:    monolit (AVX512, FMA3, 62 GB RAM)
Command: iqtree -s FAelongase.00.lt.fasta -m TEST -mset LG,WAG,JTT -nt 10 -bb 1000 -pre FAelongase.00.lt.iqt
Seed:    213089 (Using SPRNG - Scalable Parallel Random Number Generator)
Time:    Fri Nov 22 09:55:58 2019
Kernel:  AVX+FMA - 10 threads (12 CPU cores detected)

Reading alignment file FAelongase.00.lt.fasta ... Fasta format detected
Alignment most likely contains protein sequences
Alignment has 62 sequences with 155 columns, 147 distinct patterns
135 parsimony-informative, 3 singleton sites, 17 constant sites
                             Gap/Ambiguity  Composition  p-value
   1  Dromel_FBtr0088380_19-256      0.00%    passed     95.72%
   2  Dromel_FBtr0086643_17-257      0.00%    passed     95.28%
   3  Dromel_FBtr0082143_20-258      0.00%    passed     86.70%
   4  Dromel_FBtr0082144_12-251      0.00%    passed     83.73%
   5  Dromel_FBtr0082153_21-260      0.00%    passed     45.80%
   6  Dromel_FBtr0082152_21-260      0.00%    passed     77.05%
   7  Dromel_FBtr0082154_17-256      0.00%    passed     65.42%
   8  Dromel_FBtr0084490_19-252      0.00%    passed     84.62%
   9  Dromel_FBtr0086642_21-261      0.00%    passed     98.30%
  10  Dromel_FBtr0113161_31-261      0.00%    passed     78.26%
  11  Dromel_FBtr0076232_24-255      0.00%    passed     77.02%
  12  Anogam_AGAP010695-RA_35-267    0.00%    passed     96.80%
  13  Aedaeg_AAEL003977-RA_34-266    0.00%    passed     95.74%
  14  Aedaeg_AAEL026052-RA_33-103   67.10%    failed      4.59%
  15  Dromel_FBtr0335432_28-292      0.00%    passed     91.67%
  16  Anogam_AGAP004373-RC_28-264    0.00%    passed     65.23%
  17  Aedaeg_AAEL024147-RD_28-264    0.00%    passed     65.50%
  18  Dromel_FBtr0081823_28-264      0.00%    passed     96.80%
  19  Anogam_AGAP003600-RA_28-265    0.00%    passed    100.00%
  20  Aedaeg_AAEL020502-RA_56-293    0.00%    passed     99.78%
  21  Dromel_FBtr0345142_29-264      0.00%    passed     96.94%
  22  Anogam_AGAP004372-RA_29-261    0.00%    passed     87.93%
  23  Aedaeg_AAEL009574-RE_29-287    0.00%    passed     95.54%
  24  Dromel_FBtr0084285_32-268      0.00%    passed     97.62%
  25  Anogam_AGAP011812-RA_32-266    0.00%    passed     89.64%
  26  Aedaeg_AAEL023989-RD_34-268    0.00%    passed     99.12%
  27  Dromel_FBtr0084281_29-262      0.00%    passed     99.50%
  28  Anogam_AGAP008780-RA_30-264    0.00%    passed     95.90%
  29  Aedaeg_AAEL002673-RD_31-265    0.00%    passed     99.34%
  30  Anogam_AGAP007264-RA_28-264    0.00%    passed     97.38%
  31  Aedaeg_AAEL008219-RA_28-265    0.00%    passed     88.01%
  32  Dromel_FBtr0084264_62-299      0.00%    passed     86.04%
  33  Anogam_AGAP007134-RA_56-288    0.00%    passed     99.23%
  34  Aedaeg_AAEL003093-RC_56-289    0.00%    passed     97.79%
  35  Anogam_AGAP011848-RA_40-275    0.00%    passed     98.39%
  36  Aedaeg_AAEL012497-RB_59-293    0.00%    passed     89.90%
  37  Anogam_AGAP001097-RA_29-265    0.00%    passed     96.55%
  38  Anogam_AGAP003195-RA_29-266    0.00%    passed     90.88%
  39  Anogam_AGAP003197-RA_29-266    0.00%    passed     90.88%
  40  Aedaeg_AAEL000216-RA_29-262    0.00%    passed     78.58%
  41  Aedaeg_AAEL004947-RA_29-264    0.00%    passed     98.53%
  42  Aedaeg_AAEL004949-RA_30-266    0.00%    passed     94.83%
  43  Aedaeg_AAEL004953-RA_30-265    0.00%    passed     92.08%
  44  Anogam_AGAP003196-RA_28-265    0.00%    passed     54.18%
  45  Anogam_AGAP013219-RA_28-265    0.00%    passed     54.18%
  46  Aedaeg_AAEL013542-RA_29-265    0.00%    passed     93.11%
  47  Dromel_FBtr0084338_26-264      0.65%    passed     94.37%
  48  Anogam_AGAP013094-RA_29-264    0.00%    passed     26.06%
  49  Aedaeg_AAEL000188-RA_29-267    0.00%    passed     99.22%
  50  Dromel_FBtr0084263_28-262      0.00%    passed     99.75%
  51  Anogam_AGAP008781-RA_28-272    0.00%    passed     64.85%
  52  Aedaeg_AAEL002662-RA_28-264    0.00%    passed     96.71%
  53  Anogam_AGAP005511-RA_21-259    0.00%    passed     73.24%
  54  Aedaeg_AAEL011954-RB_21-258    0.00%    passed     50.36%
  55  Anogam_AGAP005512-RA_50-281    0.00%    passed     49.44%
  56  Aedaeg_AAEL011957-RB_34-266    0.00%    passed     62.06%
  57  Aedaeg_AAEL011951-RB_38-275    0.00%    passed     88.96%
  58  Anogam_AGAP005513-RA_2-236     0.00%    passed     42.65%
  59  Aedaeg_AAEL013649-RA_29-266    0.00%    passed     23.26%
  60  Dromel_FBtr0075356_30-270      1.29%    passed     77.10%
  61  Anogam_AGAP006520-RA_27-266    1.29%    passed     95.98%
  62  Aedaeg_AAEL013128-RL_27-266    1.29%    passed     96.48%
WARNING: 1 sequences contain more than 50% gaps/ambiguity
****  TOTAL                          1.16%  1 sequences failed composition chi2 test (p-value<5%; df=19)
NOTE: Anogam_AGAP003197-RA_29-266 is identical to Anogam_AGAP003195-RA_29-266 but kept for subsequent analysis
NOTE: Anogam_AGAP013219-RA_28-265 is identical to Anogam_AGAP003196-RA_28-265 but kept for subsequent analysis


Create initial parsimony tree by phylogenetic likelihood library (PLL)... 0.007 seconds
NOTE: ModelFinder requires 7 MB RAM!
ModelFinder will test 24 protein models (sample size: 155) ...
 No. Model         -LnL         df  AIC          AICc         BIC
WARNING: Number of threads seems too high for short alignments. Use -nt AUTO to determine best number of threads.
  1  LG            10987.630    121 22217.259    23111.926    22585.514
WARNING: Number of threads seems too high for short alignments. Use -nt AUTO to determine best number of threads.
  2  LG+I          10708.907    122 21661.814    22599.689    22033.112
WARNING: Number of threads seems too high for short alignments. Use -nt AUTO to determine best number of threads.
  3  LG+G4         10293.693    122 20831.385    21769.260    21202.683
WARNING: Number of threads seems too high for short alignments. Use -nt AUTO to determine best number of threads.
  4  LG+I+G4       10283.163    123 20812.326    21796.326    21186.668
WARNING: Number of threads seems too high for short alignments. Use -nt AUTO to determine best number of threads.
  5  LG+F          11051.697    140 22383.394    25203.394    22809.473
WARNING: Number of threads seems too high for short alignments. Use -nt AUTO to determine best number of threads.
  6  LG+F+I        10757.845    141 21797.690    24877.998    22226.813
WARNING: Number of threads seems too high for short alignments. Use -nt AUTO to determine best number of threads.
  7  LG+F+G4       10305.587    141 20893.174    23973.481    21322.297
WARNING: Number of threads seems too high for short alignments. Use -nt AUTO to determine best number of threads.
  8  LG+F+I+G4     10295.172    142 20874.344    24258.678    21306.511
WARNING: Number of threads seems too high for short alignments. Use -nt AUTO to determine best number of threads.
  9  WAG           11081.250    121 22404.499    23299.166    22772.754
WARNING: Number of threads seems too high for short alignments. Use -nt AUTO to determine best number of threads.
 10  WAG+I         10829.658    122 21903.315    22841.190    22274.613
WARNING: Number of threads seems too high for short alignments. Use -nt AUTO to determine best number of threads.
 11  WAG+G4        10441.578    122 21127.157    22065.032    21498.455
WARNING: Number of threads seems too high for short alignments. Use -nt AUTO to determine best number of threads.
 12  WAG+I+G4      10430.920    123 21107.841    22091.841    21482.182
WARNING: Number of threads seems too high for short alignments. Use -nt AUTO to determine best number of threads.
 13  WAG+F         11063.568    140 22407.137    25227.137    22833.216
WARNING: Number of threads seems too high for short alignments. Use -nt AUTO to determine best number of threads.
 14  WAG+F+I       10804.322    141 21890.645    24970.952    22319.768
WARNING: Number of threads seems too high for short alignments. Use -nt AUTO to determine best number of threads.
 15  WAG+F+G4      10394.144    141 21070.287    24150.595    21499.410
WARNING: Number of threads seems too high for short alignments. Use -nt AUTO to determine best number of threads.
 16  WAG+F+I+G4    10384.071    142 21052.142    24436.476    21484.309
WARNING: Number of threads seems too high for short alignments. Use -nt AUTO to determine best number of threads.
 17  JTT           11097.741    121 22437.482    23332.149    22805.737
WARNING: Number of threads seems too high for short alignments. Use -nt AUTO to determine best number of threads.
 18  JTT+I         10831.500    122 21907.001    22844.876    22278.299
WARNING: Number of threads seems too high for short alignments. Use -nt AUTO to determine best number of threads.
 19  JTT+G4        10448.163    122 21140.325    22078.200    21511.623
WARNING: Number of threads seems too high for short alignments. Use -nt AUTO to determine best number of threads.
 20  JTT+I+G4      10437.338    123 21120.676    22104.676    21495.017
WARNING: Number of threads seems too high for short alignments. Use -nt AUTO to determine best number of threads.
 21  JTT+F         11048.331    140 22376.663    25196.663    22802.742
WARNING: Number of threads seems too high for short alignments. Use -nt AUTO to determine best number of threads.
 22  JTT+F+I       10761.981    141 21805.962    24886.270    22235.085
WARNING: Number of threads seems too high for short alignments. Use -nt AUTO to determine best number of threads.
 23  JTT+F+G4      10369.526    141 21021.051    24101.359    21450.174
WARNING: Number of threads seems too high for short alignments. Use -nt AUTO to determine best number of threads.
 24  JTT+F+I+G4    10353.296    142 20990.591    24374.925    21422.758
Akaike Information Criterion:           LG+I+G4
Corrected Akaike Information Criterion: LG+G4
Bayesian Information Criterion:         LG+I+G4
Best-fit model: LG+I+G4 chosen according to BIC

All model information printed to FAelongase.00.lt.iqt.model.gz
CPU time for ModelFinder: 8.457 seconds (0h:0m:8s)
Wall-clock time for ModelFinder: 0.859 seconds (0h:0m:0s)
Generating 1000 samples for ultrafast bootstrap (seed: 213089)...

NOTE: 7 MB RAM (0 GB) is required!
WARNING: Number of threads seems too high for short alignments. Use -nt AUTO to determine best number of threads.
Estimate model parameters (epsilon = 0.100)
Thoroughly optimizing +I+G parameters from 10 start values...
Init pinv, alpha: 0.000, 1.000 / Estimate: 0.000, 0.729 / LogL: -10293.691
Init pinv, alpha: 0.012, 1.000 / Estimate: 0.101, 1.187 / LogL: -10283.175
Init pinv, alpha: 0.024, 1.000 / Estimate: 0.101, 1.190 / LogL: -10283.168
Init pinv, alpha: 0.037, 1.000 / Estimate: 0.102, 1.198 / LogL: -10283.154
Init pinv, alpha: 0.049, 1.000 / Estimate: 0.102, 1.191 / LogL: -10283.165
Init pinv, alpha: 0.061, 1.000 / Estimate: 0.102, 1.197 / LogL: -10283.155
Init pinv, alpha: 0.073, 1.000 / Estimate: 0.101, 1.187 / LogL: -10283.175
Init pinv, alpha: 0.085, 1.000 / Estimate: 0.101, 1.189 / LogL: -10283.171
Init pinv, alpha: 0.097, 1.000 / Estimate: 0.102, 1.191 / LogL: -10283.165
Init pinv, alpha: 0.110, 1.000 / Estimate: 0.102, 1.194 / LogL: -10283.160
Optimal pinv,alpha: 0.102, 1.198 / LogL: -10283.154

Parameters optimization took 0.920 sec
Computing ML distances based on estimated model parameters... 1.251 sec
Computing BIONJ tree...
0.002 seconds
Log-likelihood of BIONJ tree: -10238.829
--------------------------------------------------------------------
|             INITIALIZING CANDIDATE TREE SET                      |
--------------------------------------------------------------------
Generating 98 parsimony trees... 0.921 second
Computing log-likelihood of 98 initial trees ... 1.391 seconds
Current best score: -10227.206

Do NNI search on 20 best initial trees
Estimate model parameters (epsilon = 0.100)
BETTER TREE FOUND at iteration 1: -10211.563
Estimate model parameters (epsilon = 0.100)
BETTER TREE FOUND at iteration 2: -10210.679
Estimate model parameters (epsilon = 0.100)
BETTER TREE FOUND at iteration 4: -10209.805
Estimate model parameters (epsilon = 0.100)
BETTER TREE FOUND at iteration 8: -10209.689
Iteration 10 / LogL: -10209.702 / Time: 0h:0m:5s
Iteration 20 / LogL: -10211.052 / Time: 0h:0m:7s
Finish initializing candidate tree set (12)
Current best tree score: -10209.689 / CPU time: 6.114
Number of iterations: 20
--------------------------------------------------------------------
|               OPTIMIZING CANDIDATE TREE SET                      |
--------------------------------------------------------------------
Iteration 30 / LogL: -10210.093 / Time: 0h:0m:9s (0h:0m:25s left)
Estimate model parameters (epsilon = 0.100)
BETTER TREE FOUND at iteration 31: -10208.142
Estimate model parameters (epsilon = 0.100)
UPDATE BEST LOG-LIKELIHOOD: -10208.106
Estimate model parameters (epsilon = 0.100)
BETTER TREE FOUND at iteration 39: -10208.075
Estimate model parameters (epsilon = 0.100)
BETTER TREE FOUND at iteration 40: -10208.055
Iteration 40 / LogL: -10208.055 / Time: 0h:0m:11s (0h:0m:30s left)
Iteration 50 / LogL: -10208.344 / Time: 0h:0m:13s (0h:0m:25s left)
Log-likelihood cutoff on original alignment: -10264.070
UPDATE BEST LOG-LIKELIHOOD: -10208.054
Iteration 60 / LogL: -10208.263 / Time: 0h:0m:16s (0h:0m:22s left)
UPDATE BEST LOG-LIKELIHOOD: -10208.054
Iteration 70 / LogL: -10208.054 / Time: 0h:0m:19s (0h:0m:19s left)
Iteration 80 / LogL: -10208.082 / Time: 0h:0m:21s (0h:0m:16s left)
Iteration 90 / LogL: -10210.680 / Time: 0h:0m:23s (0h:0m:13s left)
Iteration 100 / LogL: -10208.120 / Time: 0h:0m:26s (0h:0m:10s left)
Log-likelihood cutoff on original alignment: -10264.070
NOTE: Bootstrap correlation coefficient of split occurrence frequencies: 0.999
BETTER TREE FOUND at iteration 101: -10208.053
Iteration 110 / LogL: -10208.080 / Time: 0h:0m:28s (0h:0m:24s left)
Iteration 120 / LogL: -10208.328 / Time: 0h:0m:31s (0h:0m:21s left)
Iteration 130 / LogL: -10236.825 / Time: 0h:0m:33s (0h:0m:18s left)
Iteration 140 / LogL: -10211.281 / Time: 0h:0m:35s (0h:0m:15s left)
Iteration 150 / LogL: -10208.066 / Time: 0h:0m:37s (0h:0m:12s left)
Log-likelihood cutoff on original alignment: -10264.070
Iteration 160 / LogL: -10208.067 / Time: 0h:0m:40s (0h:0m:10s left)
Iteration 170 / LogL: -10209.716 / Time: 0h:0m:42s (0h:0m:7s left)
Iteration 180 / LogL: -10211.277 / Time: 0h:0m:45s (0h:0m:5s left)
Iteration 190 / LogL: -10209.819 / Time: 0h:0m:47s (0h:0m:2s left)
Iteration 200 / LogL: -10208.102 / Time: 0h:0m:49s (0h:0m:0s left)
Log-likelihood cutoff on original alignment: -10255.522
NOTE: Bootstrap correlation coefficient of split occurrence frequencies: 1.000
TREE SEARCH COMPLETED AFTER 202 ITERATIONS / Time: 0h:0m:50s

--------------------------------------------------------------------
|                    FINALIZING TREE SEARCH                        |
--------------------------------------------------------------------
Performs final model parameters optimization
Estimate model parameters (epsilon = 0.010)
1. Initial log-likelihood: -10208.053
Optimal log-likelihood: -10208.053
Proportion of invariable sites: 0.100
Gamma shape alpha: 1.154
Parameters optimization took 1 rounds (0.016 sec)
BEST SCORE FOUND : -10208.053
Creating bootstrap support values...
Split supports printed to NEXUS file FAelongase.00.lt.iqt.splits.nex
Total tree length: 18.285

Total number of iterations: 202
CPU time used for tree search: 481.010 sec (0h:8m:1s)
Wall-clock time used for tree search: 49.098 sec (0h:0m:49s)
Total CPU time used: 493.753 sec (0h:8m:13s)
Total wall-clock time used: 50.376 sec (0h:0m:50s)

Computing bootstrap consensus tree...
Reading input file FAelongase.00.lt.iqt.splits.nex...
62 taxa and 342 splits.
Consensus tree written to FAelongase.00.lt.iqt.contree
Reading input trees file FAelongase.00.lt.iqt.contree
Log-likelihood of consensus tree: -10208.156

Analysis results written to: 
  IQ-TREE report:                FAelongase.00.lt.iqt.iqtree
  Maximum-likelihood tree:       FAelongase.00.lt.iqt.treefile
  Likelihood distances:          FAelongase.00.lt.iqt.mldist

Ultrafast bootstrap approximation results written to:
  Split support values:          FAelongase.00.lt.iqt.splits.nex
  Consensus tree:                FAelongase.00.lt.iqt.contree
  Screen log file:               FAelongase.00.lt.iqt.log

Date and Time: Fri Nov 22 09:56:49 2019
