IQ-TREE multicore version 1.6.10 for Linux 64-bit built Feb 19 2019
Developed by Bui Quang Minh, Nguyen Lam Tung, Olga Chernomor,
Heiko Schmidt, Dominik Schrempf, Michael Woodhams.

Host:    monolit (AVX512, FMA3, 62 GB RAM)
Command: iqtree -s FAdecarboxy.00.lt.fasta -m TEST -mset LG,WAG,JTT -nt 10 -bb 1000 -pre FAdecarboxy.00.lt.iqt
Seed:    577125 (Using SPRNG - Scalable Parallel Random Number Generator)
Time:    Fri Nov 22 09:57:24 2019
Kernel:  AVX+FMA - 10 threads (12 CPU cores detected)

Reading alignment file FAdecarboxy.00.lt.fasta ... Fasta format detected
Alignment most likely contains protein sequences
Alignment has 359 sequences with 325 columns, 325 distinct patterns
310 parsimony-informative, 9 singleton sites, 6 constant sites
                               Gap/Ambiguity  Composition  p-value
   1  Dromel_FBtr0335167_62-483       11.08%    passed     27.31%
   2  Dromel_FBtr0077748_72-513        9.54%    passed     57.81%
   3  Dromel_FBtr0079061_38-485        8.31%    passed     97.29%
   4  Dromel_FBtr0079062_36-482        8.31%    passed     82.13%
   5  Dromel_FBtr0080587_33-487        7.69%    passed     84.25%
   6  Anogam_AGAP003343-RA_32-487      6.46%    passed     48.43%
   7  Aedaeg_AAEL003890-RA_32-476      8.62%    passed     86.21%
   8  Aedaeg_AAEL006989-RA_32-490      5.54%    passed     61.07%
   9  Aedaeg_AAEL006992-RA_32-489      5.54%    passed     58.79%
  10  Aedaeg_AAEL006984-RB_33-490      5.85%    passed     95.74%
  11  Anogam_AGAP013511-RC_33-230     66.46%    passed     99.64%
  12  Aedaeg_AAEL021861-RA_33-488      5.85%    passed     94.97%
  13  Aedaeg_AAEL007010-RA_33-489      5.85%    passed     93.37%
  14  Aedaeg_AAEL007024-RA_33-489      5.85%    passed     95.70%
  15  Anogam_AGAP013511-RC_244-472    44.31%    passed     97.74%
  16  Anogam_AGAP007480-RA_31-492      6.46%    passed     96.86%
  17  Aedaeg_AAEL007473-RA_32-494      5.85%    passed     99.26%
  18  Anogam_AGAP010966-RA_48-521      7.08%    passed     98.40%
  19  Aedaeg_AAEL005006-RA_46-495      6.46%    passed     78.13%
  20  Dromel_FBtr0333016_35-475        9.54%    passed     39.55%
  21  Dromel_FBtr0343244_33-274       56.92%    passed     15.05%
  22  Dromel_FBtr0086133_35-498        5.54%    passed     99.29%
  23  Dromel_FBtr0087455_38-496        6.15%    passed     97.98%
  24  Dromel_FBtr0339319_36-498        5.54%    passed     99.39%
  25  Dromel_FBtr0300128_35-495        5.85%    passed     98.12%
  26  Dromel_FBtr0087456_35-495        5.85%    passed     81.20%
  27  Dromel_FBtr0345527_35-482        8.00%    passed     53.30%
  28  Dromel_FBtr0087452_35-491        5.85%    passed     95.88%
  29  Dromel_FBtr0087453_53-491        8.00%    passed     84.68%
  30  Dromel_FBtr0345526_40-490        6.15%    passed     87.79%
  31  Dromel_FBtr0088690_33-481        6.15%    passed     82.66%
  32  Anogam_AGAP002862-RA_44-492      8.31%    passed     97.79%
  33  Anogam_AGAP013128-RA_60-484     11.69%    passed     58.36%
  34  Aedaeg_AAEL026582-RA_43-490      8.31%    passed     81.40%
  35  Aedaeg_AAEL017061-RA_44-487      9.23%    passed     67.36%
  36  Anogam_AGAP002865-RA_36-500      6.15%    passed     74.59%
  37  Anogam_AGAP002866-RA_35-498      6.46%    passed     47.33%
  38  Anogam_AGAP002867-RA_40-498      5.85%    passed     91.08%
  39  Aedaeg_AAEL014891-RB_76-501     11.38%    passed     83.41%
  40  Anogam_AGAP002868-RA_61-501      8.31%    passed     29.38%
  41  Anogam_AGAP002869-RA_35-498      6.15%    passed     83.78%
  42  Aedaeg_AAEL014893-RA_39-497      5.85%    passed     70.87%
  43  Aedaeg_AAEL014891-RB_572-991    11.38%    passed     49.69%
  44  Anogam_AGAP008206-RA_34-491      5.85%    passed     77.25%
  45  Aedaeg_AAEL010151-RB_51-489      8.00%    passed     97.42%
  46  Aedaeg_AAEL009137-RA_51-488      8.31%    passed     42.53%
  47  Aedaeg_AAEL009133-RA_47-489      8.00%    passed     76.46%
  48  Aedaeg_AAEL010158-RB_41-492      6.77%    passed     54.06%
  49  Aedaeg_AAEL009122-RA_52-486      8.92%    passed     98.28%
  50  Anogam_AGAP008210-RA_34-138     79.69%    passed     75.81%
  51  Aedaeg_AAEL009124-RA_39-479      8.62%    passed     78.78%
  52  Aedaeg_AAEL009126-RA_39-481      9.23%    passed     81.55%
  53  Aedaeg_AAEL009121-RA_40-490      7.38%    passed     87.82%
  54  Aedaeg_AAEL009138-RA_38-487      7.08%    passed     80.47%
  55  Aedaeg_AAEL017556-RC_38-380     33.54%    passed     71.79%
  56  Anogam_AGAP008209-RA_36-490      5.85%    passed     61.69%
  57  Anogam_AGAP008212-RA_35-492      5.85%    passed     94.18%
  58  Anogam_AGAP008213-RA_37-489      6.15%    passed     89.31%
  59  Anogam_AGAP008214-RA_35-490      5.85%    passed     97.29%
  60  Aedaeg_AAEL009127-RA_37-492      5.85%    passed     92.74%
  61  Aedaeg_AAEL009125-RC_38-485      6.15%    passed     91.81%
  62  Aedaeg_AAEL017297-RC_52-486      8.00%    passed     85.75%
  63  Aedaeg_AAEL009117-RA_53-486      8.00%    passed     88.07%
  64  Aedaeg_AAEL009128-RA_51-484      8.00%    passed     98.65%
  65  Anogam_AGAP008207-RA_78-501     12.00%    passed     71.68%
  66  Anogam_AGAP008208-RA_52-494      8.00%    passed     90.23%
  67  Aedaeg_AAEL009132-RB_48-495      8.00%    passed     62.78%
  68  Aedaeg_AAEL017539-RA_37-482      5.85%    passed     52.46%
  69  Anogam_AGAP011028-RA_37-484      6.77%    passed     28.24%
  70  Anogam_AGAP011029-RA_37-484      6.77%    passed     28.24%
  71  Anogam_AGAP008203-RA_55-468     12.00%    passed     87.28%
  72  Anogam_AGAP012855-RA_10-315     35.08%    passed     86.12%
  73  Anogam_AGAP008204-RA_60-477     11.38%    passed     73.94%
  74  Aedaeg_AAEL009120-RA_56-492     10.46%    passed     58.83%
  75  Dromel_FBtr0071928_61-506       10.15%    passed     99.53%
  76  Dromel_FBtr0089766_57-485       12.92%    passed     66.89%
  77  Dromel_FBtr0084304_59-500       10.15%    passed     95.10%
  78  Aedaeg_AAEL014684-RA_68-495     12.00%    passed     99.77%
  79  Aedaeg_AAEL014678-RA_70-494     12.31%    passed     92.78%
  80  Aedaeg_AAEL025850-RA_70-494     12.31%    passed     92.78%
  81  Aedaeg_AAEL009656-RA_61-496     11.38%    passed     94.12%
  82  Aedaeg_AAEL008889-RA_59-503     10.46%    passed     96.80%
  83  Aedaeg_AAEL009018-RA_51-493      8.00%    passed     16.16%
  84  Aedaeg_AAEL014924-RC_53-490      8.00%    passed     61.92%
  85  Anogam_AGAP002894-RA_48-480      8.92%    passed     94.15%
  86  Anogam_AGAP008217-RA_58-474     12.00%    passed     99.43%
  87  Anogam_AGAP008218-RA_48-465     12.62%    passed     98.72%
  88  Anogam_AGAP008219-RA_46-481      9.23%    passed     98.07%
  89  Aedaeg_AAEL009129-RB_61-511      6.46%    passed     99.52%
  90  Aedaeg_AAEL009130-RA_35-164     74.15%    passed     21.93%
  91  Aedaeg_AAEL009131-RA_34-481      6.77%    passed     94.08%
  92  Aedaeg_AAEL009123-RA_59-467     13.54%    passed     98.66%
  93  Anogam_AGAP002870-RA_39-491      6.46%    passed      6.38%
  94  Aedaeg_AAEL014890-RA_83-482     12.92%    passed     42.63%
  95  Dromel_FBtr0089056_37-485        8.31%    passed     46.53%
  96  Dromel_FBtr0089055_36-478        9.85%    passed     61.78%
  97  Dromel_FBtr0472646_37-393       34.46%    passed     34.90%
  98  Dromel_FBtr0082598_36-507        5.85%    passed     39.45%
  99  Anogam_AGAP012291-RA_70-534     12.62%    passed     89.58%
 100  Aedaeg_AAEL006795-RB_39-520      7.69%    passed     80.13%
 101  Anogam_AGAP012292-RA_70-529     11.08%    passed     86.09%
 102  Aedaeg_AAEL006815-RA_39-527      6.46%    passed     77.87%
 103  Aedaeg_AAEL006784-RA_46-525      8.31%    passed     80.38%
 104  Aedaeg_AAEL014605-RA_56-530      8.31%    passed     60.70%
 105  Aedaeg_AAEL014614-RB_42-531      5.85%    passed     34.93%
 106  Aedaeg_AAEL014618-RA_71-530     11.08%    passed     98.84%
 107  Aedaeg_AAEL019504-RA_41-525      7.08%    passed     94.57%
 108  Aedaeg_AAEL014604-RA_46-522      9.23%    passed     99.55%
 109  Aedaeg_AAEL028635-RA_38-525      7.38%    passed     57.85%
 110  Aedaeg_AAEL006805-RA_72-525     11.38%    passed     93.12%
 111  Anogam_AGAP012293-RA_48-293     47.38%    passed     96.90%
 112  Anogam_AGAP012294-RA_41-525      6.46%    passed     53.94%
 113  Anogam_AGAP012295-RA_39-526      6.46%    passed     97.84%
 114  Anogam_AGAP012850-RA_58-408     36.92%    passed     43.41%
 115  Anogam_AGAP012296-RA_41-531      6.15%    passed     94.74%
 116  Aedaeg_AAEL017366-RB_56-517     10.46%    passed     87.61%
 117  Aedaeg_AAEL014609-RA_54-520     10.15%    passed     91.29%
 118  Aedaeg_AAEL014610-RA_57-519     10.46%    passed     38.72%
 119  Aedaeg_AAEL014603-RA_55-518     10.46%    passed     62.08%
 120  Aedaeg_AAEL019603-RC_89-567      8.62%    passed     79.59%
 121  Aedaeg_AAEL014619-RA_50-515     10.77%    passed     58.27%
 122  Aedaeg_AAEL014604-RA_611-1090    8.92%    passed     79.18%
 123  Aedaeg_AAEL002633-RC_54-516     10.15%    passed     89.74%
 124  Aedaeg_AAEL002638-RA_41-516      8.00%    passed     96.58%
 125  Aedaeg_AAEL014615-RA_60-501     12.00%    passed     88.57%
 126  Aedaeg_AAEL014613-RA_40-519      8.00%    passed     85.76%
 127  Aedaeg_AAEL014617-RA_40-518      8.31%    passed     99.37%
 128  Anogam_AGAP009363-RA_34-511      8.31%    passed     83.99%
 129  Anogam_AGAP009374-RA_34-493      9.85%    passed     74.28%
 130  Anogam_AGAP029144-RA_28-268     48.00%    passed     98.52%
 131  Anogam_AGAP009375-RA_33-506      8.92%    passed     93.71%
 132  Aedaeg_AAEL009591-RB_70-555      6.77%    passed     89.44%
 133  Aedaeg_AAEL001807-RB_71-517     11.69%    passed     93.38%
 134  Aedaeg_AAEL001292-RA_79-489     18.15%    passed     96.94%
 135  Aedaeg_AAEL001312-RA_79-520     11.69%    passed     99.98%
 136  Aedaeg_AAEL025530-RA_76-517     12.62%    passed     58.76%
 137  Aedaeg_AAEL001320-RA_74-512     13.54%    passed     85.32%
 138  Aedaeg_AAEL020558-RA_17-193     56.62%    passed     98.89%
 139  Aedaeg_AAEL003748-RA_42-512      7.69%    passed     95.61%
 140  Anogam_AGAP000818-RA_43-514      8.31%    passed     16.96%
 141  Dromel_FBtr0087820_37-509        5.85%    passed     72.34%
 142  Dromel_FBtr0072321_36-511        5.54%    passed     97.02%
 143  Anogam_AGAP003522-RA_38-487      9.23%    passed     66.24%
 144  Aedaeg_AAEL003763-RA_38-506      6.15%    passed     42.75%
 145  Anogam_AGAP008205-RA_44-481      7.69%    passed     74.03%
 146  Dromel_FBtr0345485_34-483        9.54%    passed     99.78%
 147  Dromel_FBtr0339596_37-505        6.15%    passed     95.24%
 148  Dromel_FBtr0088009_36-508        5.85%    passed     99.52%
 149  Dromel_FBtr0345967_70-516       10.77%    passed     12.49%
 150  Anogam_AGAP010961-RA_47-514      6.15%    passed     77.39%
 151  Aedaeg_AAEL004941-RB_47-513      6.15%    passed     79.06%
 152  Dromel_FBtr0077212_55-519        5.23%    passed     63.39%
 153  Dromel_FBtr0087993_37-490        8.31%    passed     50.27%
 154  Dromel_FBtr0345873_58-501        9.54%    passed     14.39%
 155  Dromel_FBtr0074604_33-475        8.00%    failed      0.00%
 156  Dromel_FBtr0345802_39-480        7.69%    failed      1.35%
 157  Dromel_FBtr0079066_67-503       10.77%    passed     93.24%
 158  Dromel_FBtr0079068_56-504        9.23%    passed     31.90%
 159  Dromel_FBtr0300456_56-504        9.23%    passed     56.46%
 160  Dromel_FBtr0088591_64-500       13.23%    passed     70.69%
 161  Dromel_FBtr0088592_51-505        8.62%    passed     79.27%
 162  Dromel_FBtr0088593_57-506        9.85%    passed     66.56%
 163  Dromel_FBtr0079471_35-481       12.31%    passed     79.55%
 164  Dromel_FBtr0072967_34-494        9.85%    passed     97.03%
 165  Dromel_FBtr0076832_14-452       11.69%    passed     51.43%
 166  Dromel_FBtr0070428_35-506        8.62%    passed     98.49%
 167  Anogam_AGAP002418-RA_35-497      8.62%    passed     99.74%
 168  Anogam_AGAP012957-RA_35-498      8.62%    passed     99.48%
 169  Anogam_AGAP013241-RA_35-503      8.62%    passed     90.36%
 170  Aedaeg_AAEL007808-RA_33-496      8.62%    passed     70.00%
 171  Aedaeg_AAEL007815-RB_34-493      9.23%    passed     96.57%
 172  Aedaeg_AAEL007795-RA_60-517      8.92%    passed     94.86%
 173  Aedaeg_AAEL007807-RA_33-489      9.54%    passed     93.32%
 174  Dromel_FBtr0310077_34-492       10.77%    passed     91.87%
 175  Dromel_FBtr0345609_32-480       12.00%    passed     97.89%
 176  Anogam_AGAP002419-RA_34-493      9.54%    passed     95.57%
 177  Aedaeg_AAEL007816-RA_33-488      9.23%    passed     38.46%
 178  Anogam_AGAP001861-RA_33-479     12.62%    passed     67.60%
 179  Aedaeg_AAEL002085-RA_34-494      9.54%    passed     79.75%
 180  Aedaeg_AAEL003399-RB_33-493      8.92%    passed     97.65%
 181  Anogam_AGAP000088-RA_33-501      8.92%    passed     97.22%
 182  Anogam_AGAP013490-RA_35-501      8.92%    passed     98.24%
 183  Anogam_AGAP008356-RA_34-488      9.54%    passed     87.37%
 184  Anogam_AGAP028019-RA_39-498      8.92%    passed     87.82%
 185  Anogam_AGAP008358-RA_36-494      9.85%    passed     90.61%
 186  Aedaeg_AAEL013798-RA_35-496      9.23%    passed     41.79%
 187  Aedaeg_AAEL007812-RA_33-493      8.92%    passed     96.50%
 188  Aedaeg_AAEL003380-RA_52-511      9.85%    passed     99.40%
 189  Anogam_AGAP001864-RA_43-499      9.85%    passed     97.51%
 190  Anogam_AGAP013305-RA_42-498     10.15%    passed     65.50%
 191  Anogam_AGAP008552-RA_64-517     11.38%    passed     67.11%
 192  Anogam_AGAP008553-RA_21-126     76.31%    passed      7.41%
 193  Aedaeg_AAEL007830-RB_45-501      9.85%    passed     56.04%
 194  Anogam_AGAP013224-RA_48-489     12.31%    passed     11.38%
 195  Dromel_FBtr0085712_59-529        8.62%    passed     99.95%
 196  Anogam_AGAP000192-RA_369-482    72.31%    passed     86.00%
 197  Anogam_AGAP000194-RA_54-544      8.92%    passed     94.43%
 198  Aedaeg_AAEL008017-RA_55-538      8.62%    passed     58.81%
 199  Aedaeg_AAEL025214-RA_25-473     10.77%    passed     99.60%
 200  Aedaeg_AAEL008018-RA_73-535      8.92%    passed     81.37%
 201  Anogam_AGAP000193-RA_65-535      9.85%    passed     91.50%
 202  Anogam_AGAP010414-RA_58-527      9.23%    passed     79.61%
 203  Anogam_AGAP000192-RA_57-366     48.00%    passed     83.48%
 204  Anogam_AGAP009240-RA_115-581     8.62%    passed     32.86%
 205  Anogam_AGAP009246-RA_38-501      8.31%    passed     83.39%
 206  Aedaeg_AAEL012266-RA_38-502      8.62%    passed     81.12%
 207  Anogam_AGAP009241-RA_40-504      8.31%    passed     91.01%
 208  Anogam_AGAP006047-RA_35-500      8.62%    passed     66.22%
 209  Aedaeg_AAEL014019-RB_46-505      8.31%    passed     89.20%
 210  Aedaeg_AAEL013554-RA_73-540      8.31%    passed     99.49%
 211  Aedaeg_AAEL013556-RA_39-505      8.31%    passed     99.99%
 212  Anogam_AGAP006048-RA_48-523      8.31%    passed     46.08%
 213  Anogam_AGAP006049-RA_37-499      8.62%    passed     76.05%
 214  Aedaeg_AAEL014830-RA_37-501      8.62%    passed     96.07%
 215  Dromel_FBtr0070099_58-540        8.62%    passed     17.84%
 216  Dromel_FBtr0346268_47-289       63.38%    passed     84.49%
 217  Dromel_FBtr0346268_341-564      44.62%    passed     99.84%
 218  Anogam_AGAP001076-RC_54-553      8.00%    passed     68.44%
 219  Aedaeg_AAEL004054-RA_54-552      8.00%    passed     86.17%
 220  Anogam_AGAP000877-RA_55-557      8.00%    passed     83.21%
 221  Aedaeg_AAEL006824-RA_51-545      8.00%    passed     84.16%
 222  Dromel_FBtr0070388_37-478       11.38%    passed     87.23%
 223  Anogam_AGAP002416-RA_29-496      9.54%    passed     91.45%
 224  Aedaeg_AAEL007798-RA_32-486      8.62%    passed     48.50%
 225  Aedaeg_AAEL010154-RA_32-491      8.92%    passed     93.49%
 226  Anogam_AGAP002417-RA_32-482      8.62%    passed     94.79%
 227  Dromel_FBtr0074028_36-473       12.00%    passed     47.57%
 228  Dromel_FBtr0079925_35-468       12.31%    passed     81.77%
 229  Dromel_FBtr0339278_35-469       12.31%    passed      7.75%
 230  Dromel_FBtr0088746_34-469       12.31%    passed     43.78%
 231  Dromel_FBtr0114558_50-480       12.31%    passed     99.88%
 232  Anogam_AGAP003608-RA_45-478     10.77%    passed     87.91%
 233  Dromel_FBtr0088760_36-471       12.00%    passed     96.97%
 234  Dromel_FBtr0332863_35-504        8.00%    passed     68.91%
 235  Dromel_FBtr0304592_104-565      12.31%    passed     76.93%
 236  Anogam_AGAP005774-RA_63-522     12.31%    passed     70.68%
 237  Aedaeg_AAEL008638-RA_50-509     12.31%    passed     78.22%
 238  Dromel_FBtr0087824_76-529       12.31%    passed     39.17%
 239  Anogam_AGAP006082-RA_93-546     12.31%    passed     16.22%
 240  Aedaeg_AAEL014594-RB_104-557    12.31%    passed     21.29%
 241  Aedaeg_AAEL026813-RA_2-163      73.85%    passed     29.13%
 242  Aedaeg_AAEL026813-RA_316-348    90.77%    passed     68.73%
 243  Dromel_FBtr0345674_63-506       12.31%    passed     75.58%
 244  Dromel_FBtr0089418_63-506       12.31%    passed     78.00%
 245  Dromel_FBtr0345812_45-517        9.23%    passed     71.74%
 246  Dromel_FBtr0086609_63-511       13.23%    passed     76.38%
 247  Dromel_FBtr0083730_73-529       10.77%    passed     16.15%
 248  Dromel_FBtr0083731_71-511       14.46%    passed      5.24%
 249  Anogam_AGAP008018-RA_58-491     14.77%    passed     12.26%
 250  Anogam_AGAP008019-RA_71-495     14.46%    passed     69.70%
 251  Anogam_AGAP008020-RA_62-494     14.46%    passed     18.17%
 252  Anogam_AGAP012800-RA_73-482     17.85%    passed     17.57%
 253  Aedaeg_AAEL006827-RA_60-481     14.46%    passed     68.73%
 254  Aedaeg_AAEL002031-RB_72-492     14.77%    passed     28.53%
 255  Aedaeg_AAEL001960-RA_76-497     14.46%    passed     50.05%
 256  Aedaeg_AAEL002005-RB_4-422      15.08%    passed     48.82%
 257  Anogam_AGAP008022-RA_73-494     14.46%    passed      9.89%
 258  Dromel_FBtr0301283_62-517       10.46%    passed     74.63%
 259  Dromel_FBtr0073205_43-470       12.31%    passed     17.42%
 260  Anogam_AGAP005992-RA_47-508      9.23%    passed     28.28%
 261  Aedaeg_AAEL011463-RB_44-509      8.00%    passed     32.01%
 262  Dromel_FBtr0333031_74-528       12.31%    passed     87.98%
 263  Anogam_AGAP002429-RA_90-548     10.15%    passed     74.35%
 264  Aedaeg_AAEL023509-RC_109-555    12.92%    passed     68.73%
 265  Aedaeg_AAEL010946-RE_72-518     12.92%    passed     68.73%
 266  Dromel_FBtr0344337_33-475       12.00%    passed     99.71%
 267  Dromel_FBtr0082619_33-458       11.69%    failed      1.85%
 268  Dromel_FBtr0308561_34-463       11.69%    passed     70.11%
 269  Dromel_FBtr0082617_33-463       11.69%    passed     73.05%
 270  Dromel_FBtr0082954_33-463       11.69%    failed      4.19%
 271  Dromel_FBtr0082667_33-465       11.69%    passed     97.45%
 272  Anogam_AGAP001443-RA_39-378     24.00%    passed     82.11%
 273  Aedaeg_AAEL011770-RA_31-470      9.54%    passed     79.26%
 274  Anogam_AGAP002138-RA_33-479     12.00%    passed     63.55%
 275  Aedaeg_AAEL000340-RB_63-480     12.31%    passed     74.31%
 276  Anogam_AGAP002195-RB_38-481     11.38%    passed     14.89%
 277  Anogam_AGAP002197-RA_39-487     10.46%    passed     15.26%
 278  Aedaeg_AAEL011761-RB_1-405      16.62%    passed     95.92%
 279  Aedaeg_AAEL020553-RA_37-492      9.54%    passed     64.24%
 280  Aedaeg_AAEL022568-RA_36-472     12.31%    passed     53.16%
 281  Aedaeg_AAEL012769-RB_8-279      43.38%    passed     90.89%
 282  Aedaeg_AAEL012765-RA_37-469     12.00%    passed     50.79%
 283  Aedaeg_AAEL012770-RA_35-482     11.69%    passed     87.69%
 284  Aedaeg_AAEL012762-RB_1-404      16.92%    passed     85.88%
 285  Anogam_AGAP002202-RA_31-485     12.31%    passed     31.16%
 286  Aedaeg_AAEL000338-RB_31-491     11.69%    passed     52.52%
 287  Anogam_AGAP002555-RA_37-474     12.31%    passed     54.50%
 288  Aedaeg_AAEL005788-RA_32-483     12.31%    passed     98.68%
 289  Aedaeg_AAEL005771-RB_6-157      60.62%    passed     87.29%
 290  Anogam_AGAP002205-RA_35-475     12.00%    passed     93.30%
 291  Anogam_AGAP002207-RA_35-466     12.31%    passed     80.65%
 292  Anogam_AGAP009696-RA_55-539      9.85%    passed     87.90%
 293  Aedaeg_AAEL005700-RA_47-487     12.31%    passed     95.19%
 294  Aedaeg_AAEL005696-RB_33-490     10.46%    passed     96.58%
 295  Aedaeg_AAEL005695-RA_36-475     11.38%    passed     93.18%
 296  Aedaeg_AAEL019910-RA_1-168      55.69%    passed     78.12%
 297  Aedaeg_AAEL000357-RA_47-476     14.46%    passed     67.04%
 298  Aedaeg_AAEL000326-RB_55-483     14.46%    passed     85.18%
 299  Aedaeg_AAEL024573-RA_3-346      31.08%    passed     98.14%
 300  Aedaeg_AAEL017215-RB_30-473     12.31%    passed     64.04%
 301  Aedaeg_AAEL005775-RA_37-473     12.31%    passed     99.60%
 302  Aedaeg_AAEL012761-RA_53-472     14.77%    passed     83.94%
 303  Aedaeg_AAEL000320-RA_58-470     14.77%    passed     26.56%
 304  Aedaeg_AAEL017136-RB_33-472     12.92%    passed     29.07%
 305  Aedaeg_AAEL006257-RA_36-477     10.77%    passed     95.78%
 306  Aedaeg_AAEL023949-RA_4-336      31.08%    passed     93.50%
 307  Aedaeg_AAEL018028-RB_31-473     11.38%    passed     88.48%
 308  Aedaeg_AAEL006058-RA_36-484      8.62%    passed     90.80%
 309  Aedaeg_AAEL006044-RA_31-485      9.23%    passed     77.42%
 310  Anogam_AGAP002210-RA_37-470     12.31%    passed     18.46%
 311  Anogam_AGAP002204-RA_109-459    26.46%    passed     89.70%
 312  Anogam_AGAP002206-RA_43-487      8.92%    passed     84.51%
 313  Aedaeg_AAEL020266-RA_33-464     11.08%    passed     99.67%
 314  Aedaeg_AAEL019659-RA_33-485      8.92%    passed     89.11%
 315  Anogam_AGAP002196-RA_37-487     11.69%    passed     87.02%
 316  Aedaeg_AAEL012772-RA_34-472     12.00%    passed     23.68%
 317  Aedaeg_AAEL012766-RA_34-483     10.77%    passed     52.81%
 318  Anogam_AGAP002208-RA_34-474     12.31%    passed     73.03%
 319  Anogam_AGAP002209-RA_34-474     12.31%    passed     84.15%
 320  Anogam_AGAP002211-RA_34-474     12.31%    passed     84.09%
 321  Dromel_FBtr0082475_63-500       14.77%    failed      0.60%
 322  Anogam_AGAP000284-RA_38-483     10.46%    passed     48.87%
 323  Aedaeg_AAEL011850-RA_30-478     11.69%    passed     28.65%
 324  Dromel_FBtr0073640_30-479        8.62%    passed      5.99%
 325  Dromel_FBtr0081077_118-459      29.23%    passed     16.43%
 326  Dromel_FBtr0073623_42-503       10.46%    failed      0.90%
 327  Dromel_FBtr0343812_28-485        9.85%    passed     83.72%
 328  Anogam_AGAP010077-RA_57-511     10.77%    passed     88.97%
 329  Aedaeg_AAEL012144-RA_28-479     11.69%    passed     93.62%
 330  Dromel_FBtr0074925_30-500        8.31%    passed     23.89%
 331  Anogam_AGAP005656-RA_28-499      8.62%    passed     34.28%
 332  Aedaeg_AAEL026706-RA_29-492      8.62%    passed     44.38%
 333  Aedaeg_AAEL002043-RA_29-494      8.62%    passed     52.39%
 334  Anogam_AGAP005657-RA_29-482     11.08%    passed     76.92%
 335  Anogam_AGAP012667-RA_29-482     11.08%    passed     76.92%
 336  Anogam_AGAP005660-RA_29-470     12.31%    passed     65.08%
 337  Anogam_AGAP012937-RA_2-287      39.69%    passed     85.73%
 338  Anogam_AGAP005658-RA_28-489      8.92%    passed     55.07%
 339  Aedaeg_AAEL022200-RA_27-489      8.92%    passed     83.15%
 340  Dromel_FBtr0346640_56-525       11.08%    passed     31.05%
 341  Dromel_FBtr0300207_52-547        9.54%    failed      0.56%
 342  Anogam_AGAP001039-RB_66-541     12.00%    passed     98.79%
 343  Aedaeg_AAEL009762-RB_66-556      9.54%    passed     92.24%
 344  Anogam_AGAP008682-RA_78-528      9.54%    passed     47.68%
 345  Aedaeg_AAEL014208-RB_79-529      9.54%    passed      7.00%
 346  Dromel_FBtr0342846_49-554        8.92%    failed      0.77%
 347  Anogam_AGAP004665-RA_27-499      8.92%    passed     14.16%
 348  Aedaeg_AAEL027264-RA_25-98      88.62%    passed     57.69%
 349  Dromel_FBtr0074610_54-517        8.92%    passed     61.06%
 350  Aedaeg_AAEL004870-RA_52-514      8.92%    passed     68.04%
 351  Dromel_FBtr0082691_30-500        8.92%    passed     67.07%
 352  Anogam_AGAP003065-RA_48-506     11.38%    passed      5.41%
 353  Anogam_AGAP003066-RA_34-513      8.31%    passed     40.32%
 354  Aedaeg_AAEL014412-RA_33-510      8.31%    passed     91.58%
 355  Aedaeg_AAEL014411-RA_33-504      9.54%    passed     60.17%
 356  Anogam_AGAP003067-RA_31-516      8.31%    passed      9.05%
 357  Aedaeg_AAEL014413-RA_33-517      8.31%    passed     43.24%
 358  Dromel_FBtr0332140_33-462       15.69%    failed      0.01%
 359  Anogam_AGAP002864-RA_133-439    33.85%    passed     21.55%
WARNING: 13 sequences contain more than 50% gaps/ambiguity
****  TOTAL                           13.23%  9 sequences failed composition chi2 test (p-value<5%; df=19)
NOTE: Anogam_AGAP011029-RA_37-484 is identical to Anogam_AGAP011028-RA_37-484 but kept for subsequent analysis
NOTE: Aedaeg_AAEL025850-RA_70-494 is identical to Aedaeg_AAEL014678-RA_70-494 but kept for subsequent analysis
NOTE: Aedaeg_AAEL010946-RE_72-518 is identical to Aedaeg_AAEL023509-RC_109-555 but kept for subsequent analysis
NOTE: Anogam_AGAP012667-RA_29-482 is identical to Anogam_AGAP005657-RA_29-482 but kept for subsequent analysis


Create initial parsimony tree by phylogenetic likelihood library (PLL)... 0.180 seconds
NOTE: ModelFinder requires 78 MB RAM!
ModelFinder will test 24 protein models (sample size: 325) ...
 No. Model         -LnL         df  AIC          AICc         BIC
  1  LG            125964.231   715 253358.463   1277238.463  256063.898
  2  LG+I          125757.251   716 252946.501   1279690.501  255655.720
  3  LG+G4         122209.366   716 245850.731   1272594.731  248559.950
  4  LG+I+G4       122168.126   717 245770.252   1275382.252  248483.254
  5  LG+F          125987.727   734 253443.455   1332423.455  256220.783
  6  LG+F+I        125798.725   735 253067.450   1334987.450  255848.561
  7  LG+F+G4       122216.763   735 245903.527   1327823.527  248684.638
  8  LG+F+I+G4     122180.366   736 245832.732   1330696.732  248617.628
  9  WAG           126640.153   715 254710.306   1278590.306  257415.741
 10  WAG+I         126479.554   716 254391.108   1281135.108  257100.327
 11  WAG+G4        123556.740   716 248545.480   1275289.480  251254.699
 12  WAG+I+G4      123520.680   717 248475.360   1278087.360  251188.362
 13  WAG+F         126394.338   734 254256.676   1333236.676  257034.004
 14  WAG+F+I       126251.947   735 253973.893   1335893.893  256755.005
 15  WAG+F+G4      123294.870   735 248059.740   1329979.740  250840.851
 16  WAG+F+I+G4    123261.187   736 247994.374   1332858.374  250779.269
 17  JTT           127439.175   715 256308.350   1280188.350  259013.785
 18  JTT+I         127251.489   716 255934.978   1282678.978  258644.197
 19  JTT+G4        123747.026   716 248926.053   1275670.053  251635.272
 20  JTT+I+G4      123709.876   717 248853.752   1278465.752  251566.754
 21  JTT+F         127143.403   734 255754.806   1334734.806  258532.134
 22  JTT+F+I       126971.679   735 255413.359   1337333.359  258194.470
 23  JTT+F+G4      123493.197   735 248456.393   1330376.393  251237.505
 24  JTT+F+I+G4    123458.545   736 248389.089   1333253.089  251173.985
Akaike Information Criterion:           LG+I+G4
Corrected Akaike Information Criterion: LG+G4
Bayesian Information Criterion:         LG+I+G4
Best-fit model: LG+I+G4 chosen according to BIC

All model information printed to FAdecarboxy.00.lt.iqt.model.gz
CPU time for ModelFinder: 75.544 seconds (0h:1m:15s)
Wall-clock time for ModelFinder: 7.804 seconds (0h:0m:7s)
Generating 1000 samples for ultrafast bootstrap (seed: 577125)...

NOTE: 78 MB RAM (0 GB) is required!
Estimate model parameters (epsilon = 0.100)
Thoroughly optimizing +I+G parameters from 10 start values...
Init pinv, alpha: 0.000, 1.000 / Estimate: 0.007, 1.535 / LogL: -122168.127
Init pinv, alpha: 0.002, 1.000 / Estimate: 0.007, 1.535 / LogL: -122168.126
Init pinv, alpha: 0.004, 1.000 / Estimate: 0.007, 1.535 / LogL: -122168.126
Init pinv, alpha: 0.006, 1.000 / Estimate: 0.007, 1.535 / LogL: -122168.126
Init pinv, alpha: 0.008, 1.000 / Estimate: 0.007, 1.535 / LogL: -122168.126
Init pinv, alpha: 0.010, 1.000 / Estimate: 0.007, 1.535 / LogL: -122168.126
Init pinv, alpha: 0.012, 1.000 / Estimate: 0.007, 1.535 / LogL: -122168.126
Init pinv, alpha: 0.014, 1.000 / Estimate: 0.007, 1.535 / LogL: -122168.126
Init pinv, alpha: 0.016, 1.000 / Estimate: 0.007, 1.535 / LogL: -122168.126
Init pinv, alpha: 0.018, 1.000 / Estimate: 0.007, 1.535 / LogL: -122168.126
Optimal pinv,alpha: 0.007, 1.535 / LogL: -122168.126

Parameters optimization took 7.668 sec
Computing ML distances based on estimated model parameters... 43.450 sec
WARNING: Some pairwise ML distances are too long (saturated)
Computing BIONJ tree...
0.074 seconds
Log-likelihood of BIONJ tree: -122996.625
--------------------------------------------------------------------
|             INITIALIZING CANDIDATE TREE SET                      |
--------------------------------------------------------------------
Generating 98 parsimony trees... 14.149 second
Computing log-likelihood of 98 initial trees ... 14.067 seconds
Current best score: -122078.673

Do NNI search on 20 best initial trees
Estimate model parameters (epsilon = 0.100)
BETTER TREE FOUND at iteration 1: -121837.174
Estimate model parameters (epsilon = 0.100)
BETTER TREE FOUND at iteration 7: -121834.352
Estimate model parameters (epsilon = 0.100)
BETTER TREE FOUND at iteration 9: -121833.967
Estimate model parameters (epsilon = 0.100)
BETTER TREE FOUND at iteration 10: -121832.163
Iteration 10 / LogL: -121832.163 / Time: 0h:1m:1s
Iteration 20 / LogL: -121880.380 / Time: 0h:1m:20s
Finish initializing candidate tree set (20)
Current best tree score: -121832.163 / CPU time: 67.494
Number of iterations: 20
--------------------------------------------------------------------
|               OPTIMIZING CANDIDATE TREE SET                      |
--------------------------------------------------------------------
Estimate model parameters (epsilon = 0.100)
BETTER TREE FOUND at iteration 23: -121829.049
Estimate model parameters (epsilon = 0.100)
BETTER TREE FOUND at iteration 27: -121824.474
Iteration 30 / LogL: -121835.660 / Time: 0h:1m:37s (0h:5m:26s left)
Iteration 40 / LogL: -121826.072 / Time: 0h:1m:53s (0h:4m:13s left)
Estimate model parameters (epsilon = 0.100)
BETTER TREE FOUND at iteration 44: -121822.939
Estimate model parameters (epsilon = 0.100)
BETTER TREE FOUND at iteration 48: -121821.781
Iteration 50 / LogL: -121847.664 / Time: 0h:2m:10s (0h:4m:21s left)
Log-likelihood cutoff on original alignment: -121911.469
Iteration 60 / LogL: -121824.467 / Time: 0h:2m:28s (0h:3m:41s left)
Estimate model parameters (epsilon = 0.100)
BETTER TREE FOUND at iteration 68: -121821.315
Iteration 70 / LogL: -121826.209 / Time: 0h:2m:45s (0h:3m:54s left)
Iteration 80 / LogL: -121822.399 / Time: 0h:3m:1s (0h:3m:22s left)
Iteration 90 / LogL: -121824.229 / Time: 0h:3m:17s (0h:2m:53s left)
Estimate model parameters (epsilon = 0.100)
BETTER TREE FOUND at iteration 96: -121819.817
Iteration 100 / LogL: -121837.144 / Time: 0h:3m:35s (0h:3m:28s left)
Log-likelihood cutoff on original alignment: -121903.720
NOTE: Bootstrap correlation coefficient of split occurrence frequencies: 0.999
Iteration 110 / LogL: -121824.987 / Time: 0h:3m:52s (0h:3m:11s left)
Iteration 120 / LogL: -121829.629 / Time: 0h:4m:8s (0h:2m:47s left)
Iteration 130 / LogL: -121827.284 / Time: 0h:4m:24s (0h:2m:23s left)
Iteration 140 / LogL: -121826.396 / Time: 0h:4m:40s (0h:2m:1s left)
Iteration 150 / LogL: -121832.647 / Time: 0h:4m:56s (0h:1m:39s left)
Log-likelihood cutoff on original alignment: -121903.720
Iteration 160 / LogL: -121825.351 / Time: 0h:5m:13s (0h:1m:18s left)
Iteration 170 / LogL: -121820.664 / Time: 0h:5m:31s (0h:0m:58s left)
Iteration 180 / LogL: -121823.082 / Time: 0h:5m:47s (0h:0m:38s left)
Iteration 190 / LogL: -121830.299 / Time: 0h:6m:3s (0h:0m:19s left)
TREE SEARCH COMPLETED AFTER 197 ITERATIONS / Time: 0h:6m:15s

--------------------------------------------------------------------
|                    FINALIZING TREE SEARCH                        |
--------------------------------------------------------------------
Performs final model parameters optimization
Estimate model parameters (epsilon = 0.010)
1. Initial log-likelihood: -121819.817
Optimal log-likelihood: -121819.817
Proportion of invariable sites: 0.007
Gamma shape alpha: 1.516
Parameters optimization took 1 rounds (0.199 sec)
BEST SCORE FOUND : -121819.817
Creating bootstrap support values...
Split supports printed to NEXUS file FAdecarboxy.00.lt.iqt.splits.nex
Total tree length: 129.809

Total number of iterations: 197
CPU time used for tree search: 3445.153 sec (0h:57m:25s)
Wall-clock time used for tree search: 362.039 sec (0h:6m:2s)
Total CPU time used: 3577.381 sec (0h:59m:37s)
Total wall-clock time used: 376.090 sec (0h:6m:16s)

Computing bootstrap consensus tree...
Reading input file FAdecarboxy.00.lt.iqt.splits.nex...
359 taxa and 1262 splits.
Consensus tree written to FAdecarboxy.00.lt.iqt.contree
Reading input trees file FAdecarboxy.00.lt.iqt.contree
Log-likelihood of consensus tree: -121822.601

Analysis results written to: 
  IQ-TREE report:                FAdecarboxy.00.lt.iqt.iqtree
  Maximum-likelihood tree:       FAdecarboxy.00.lt.iqt.treefile
  Likelihood distances:          FAdecarboxy.00.lt.iqt.mldist

Ultrafast bootstrap approximation results written to:
  Split support values:          FAdecarboxy.00.lt.iqt.splits.nex
  Consensus tree:                FAdecarboxy.00.lt.iqt.contree
  Screen log file:               FAdecarboxy.00.lt.iqt.log

Date and Time: Fri Nov 22 10:03:49 2019
