IQ-TREE multicore version 1.6.10 for Linux 64-bit built Feb 19 2019
Developed by Bui Quang Minh, Nguyen Lam Tung, Olga Chernomor,
Heiko Schmidt, Dominik Schrempf, Michael Woodhams.

Host:    monolit (AVX512, FMA3, 62 GB RAM)
Command: iqtree -s FAdesaturase.00.lt.fasta -m TEST -mset LG,WAG,JTT -nt 10 -bb 1000 -pre FAdesaturase.00.lt.iqt
Seed:    706110 (Using SPRNG - Scalable Parallel Random Number Generator)
Time:    Fri Nov 22 09:55:40 2019
Kernel:  AVX+FMA - 10 threads (12 CPU cores detected)

Reading alignment file FAdesaturase.00.lt.fasta ... Fasta format detected
Alignment most likely contains protein sequences
Alignment has 30 sequences with 205 columns, 203 distinct patterns
183 parsimony-informative, 12 singleton sites, 10 constant sites
                              Gap/Ambiguity  Composition  p-value
   1  Anogam_AGAP003050-RA            8.78%    passed     73.97%
   2  Dromel_FBtr0085572_49-235      23.90%    passed     16.98%
   3  Dromel_FBtr0076196_68-278      13.66%    passed     98.64%
   4  Dromel_FBtr0082592_82-284      14.15%    passed     94.53%
   5  Dromel_FBtr0082630_97-305      13.66%    passed     98.56%
   6  Anogam_AGAP001713-RD_75-277    14.15%    passed     94.74%
   7  Anogam_AGAP012920-RA_75-157    60.00%    passed     94.93%
   8  Aedaeg_AAEL003203-RE_88-291    13.66%    passed     98.89%
   9  Anogam_AGAP003418-RA_100-308   13.66%    passed     99.83%
  10  Aedaeg_AAEL026878-RC_112-326   13.66%    passed     99.48%
  11  Dromel_FBtr0085571_133-335     14.15%    passed     99.48%
  12  Anogam_AGAP003051-RA_94-296    14.15%    passed     99.18%
  13  Aedaeg_AAEL003645-RA_104-306   14.15%    passed     99.76%
  14  Dromel_FBtr0346162_143-343     15.12%    passed     97.24%
  15  Anogam_AGAP013071-RA_119-324   13.66%    passed     99.68%
  16  Aedaeg_AAEL004573-RB_118-323   13.66%    passed     99.69%
  17  Aedaeg_AAEL003622-RC_122-325   13.66%    passed     96.76%
  18  Anogam_AGAP004572-RB_140-341   14.63%    passed     97.32%
  19  Aedaeg_AAEL018141-RB_141-339   16.10%    passed     97.81%
  20  Dromel_FBtr0082737_96-297      14.63%    passed     82.11%
  21  Dromel_FBtr0079179_67-286      13.66%    passed     23.51%
  22  Anogam_AGAP012111-RA_82-206    56.10%    passed     62.58%
  23  Aedaeg_AAEL013047-RB_68-285    13.66%    passed     38.73%
  24  Anogam_AGAP011402-RA_66-285    13.66%    passed     61.68%
  25  Dromel_FBtr0331931_162-404     11.22%    passed     95.60%
  26  Dromel_FBtr0331619_173-410     13.66%    passed     85.39%
  27  Anogam_AGAP010149-RA_177-418   10.73%    passed     93.19%
  28  Anogam_AGAP010150-RA_159-405   10.24%    passed     96.26%
  29  Aedaeg_AAEL004278-RA_165-411   10.24%    passed     96.79%
  30  Aedaeg_AAEL005737-RB_185-435    9.76%    passed     67.01%
WARNING: 2 sequences contain more than 50% gaps/ambiguity
****  TOTAL                          16.54%  0 sequences failed composition chi2 test (p-value<5%; df=19)


Create initial parsimony tree by phylogenetic likelihood library (PLL)... 0.006 seconds
NOTE: ModelFinder requires 5 MB RAM!
ModelFinder will test 24 protein models (sample size: 205) ...
 No. Model         -LnL         df  AIC          AICc         BIC
  1  LG            6367.091     57  12848.182    12893.162    13037.594
  2  LG+I          6325.839     58  12767.678    12814.555    12960.413
  3  LG+G4         6269.619     58  12655.239    12702.115    12847.973
  4  LG+I+G4       6261.239     59  12640.479    12689.306    12836.536
  5  LG+F          6313.217     76  12778.434    12869.872    13030.983
  6  LG+F+I        6282.827     77  12719.654    12814.237    12975.526
  7  LG+F+G4       6230.929     77  12615.858    12710.441    12871.730
  8  LG+F+I+G4     6224.681     78  12605.362    12703.171    12864.557
  9  WAG           6439.492     57  12992.984    13037.964    13182.396
 10  WAG+I         6402.773     58  12921.547    12968.424    13114.282
 11  WAG+G4        6348.882     58  12813.764    12860.640    13006.498
 12  WAG+I+G4      6341.801     59  12801.602    12850.430    12997.660
 13  WAG+F         6361.280     76  12874.561    12965.998    13127.110
 14  WAG+F+I       6332.045     77  12818.089    12912.672    13073.961
 15  WAG+F+G4      6284.366     77  12722.731    12817.314    12978.603
 16  WAG+F+I+G4    6278.628     78  12713.256    12811.065    12972.451
 17  JTT           6491.550     57  13097.100    13142.080    13286.512
 18  JTT+I         6443.586     58  13003.172    13050.048    13195.906
 19  JTT+G4        6375.139     58  12866.278    12913.155    13059.013
 20  JTT+I+G4      6366.495     59  12850.990    12899.818    13047.048
 21  JTT+F         6415.623     76  12983.245    13074.683    13235.794
 22  JTT+F+I       6378.455     77  12910.910    13005.492    13166.781
 23  JTT+F+G4      6318.010     77  12790.020    12884.603    13045.892
 24  JTT+F+I+G4    6311.069     78  12778.137    12875.947    13037.332
Akaike Information Criterion:           LG+F+I+G4
Corrected Akaike Information Criterion: LG+I+G4
Bayesian Information Criterion:         LG+I+G4
Best-fit model: LG+I+G4 chosen according to BIC

All model information printed to FAdesaturase.00.lt.iqt.model.gz
CPU time for ModelFinder: 4.989 seconds (0h:0m:4s)
Wall-clock time for ModelFinder: 0.511 seconds (0h:0m:0s)
Generating 1000 samples for ultrafast bootstrap (seed: 706110)...

NOTE: 5 MB RAM (0 GB) is required!
Estimate model parameters (epsilon = 0.100)
Thoroughly optimizing +I+G parameters from 10 start values...
Init pinv, alpha: 0.000, 1.000 / Estimate: 0.033, 2.647 / LogL: -6261.238
Init pinv, alpha: 0.005, 1.000 / Estimate: 0.032, 2.631 / LogL: -6261.243
Init pinv, alpha: 0.011, 1.000 / Estimate: 0.032, 2.639 / LogL: -6261.240
Init pinv, alpha: 0.016, 1.000 / Estimate: 0.033, 2.642 / LogL: -6261.240
Init pinv, alpha: 0.022, 1.000 / Estimate: 0.033, 2.644 / LogL: -6261.240
Init pinv, alpha: 0.027, 1.000 / Estimate: 0.033, 2.645 / LogL: -6261.240
Init pinv, alpha: 0.033, 1.000 / Estimate: 0.033, 2.646 / LogL: -6261.240
Init pinv, alpha: 0.038, 1.000 / Estimate: 0.033, 2.646 / LogL: -6261.241
Init pinv, alpha: 0.043, 1.000 / Estimate: 0.033, 2.646 / LogL: -6261.241
Init pinv, alpha: 0.049, 1.000 / Estimate: 0.033, 2.647 / LogL: -6261.241
Optimal pinv,alpha: 0.033, 2.647 / LogL: -6261.238

Parameters optimization took 0.596 sec
Computing ML distances based on estimated model parameters... 0.294 sec
WARNING: Some pairwise ML distances are too long (saturated)
Computing BIONJ tree...
0.000 seconds
Log-likelihood of BIONJ tree: -6259.986
--------------------------------------------------------------------
|             INITIALIZING CANDIDATE TREE SET                      |
--------------------------------------------------------------------
Generating 98 parsimony trees... 0.312 second
Computing log-likelihood of 98 initial trees ... 0.728 seconds
Current best score: -6259.986

Do NNI search on 20 best initial trees
Estimate model parameters (epsilon = 0.100)
BETTER TREE FOUND at iteration 1: -6251.648
Iteration 10 / LogL: -6253.961 / Time: 0h:0m:2s
Iteration 20 / LogL: -6251.970 / Time: 0h:0m:3s
Finish initializing candidate tree set (5)
Current best tree score: -6251.648 / CPU time: 2.946
Number of iterations: 20
--------------------------------------------------------------------
|               OPTIMIZING CANDIDATE TREE SET                      |
--------------------------------------------------------------------
Estimate model parameters (epsilon = 0.100)
BETTER TREE FOUND at iteration 25: -6251.313
Iteration 30 / LogL: -6257.024 / Time: 0h:0m:4s (0h:0m:16s left)
Iteration 40 / LogL: -6251.794 / Time: 0h:0m:6s (0h:0m:13s left)
Iteration 50 / LogL: -6251.327 / Time: 0h:0m:7s (0h:0m:11s left)
Log-likelihood cutoff on original alignment: -6289.610
Iteration 60 / LogL: -6251.953 / Time: 0h:0m:8s (0h:0m:9s left)
Iteration 70 / LogL: -6251.324 / Time: 0h:0m:9s (0h:0m:7s left)
Iteration 80 / LogL: -6251.319 / Time: 0h:0m:11s (0h:0m:6s left)
Iteration 90 / LogL: -6251.541 / Time: 0h:0m:12s (0h:0m:4s left)
Iteration 100 / LogL: -6251.317 / Time: 0h:0m:13s (0h:0m:3s left)
Log-likelihood cutoff on original alignment: -6289.610
NOTE: Bootstrap correlation coefficient of split occurrence frequencies: 0.995
Iteration 110 / LogL: -6252.016 / Time: 0h:0m:14s (0h:0m:12s left)
Iteration 120 / LogL: -6251.816 / Time: 0h:0m:16s (0h:0m:10s left)
TREE SEARCH COMPLETED AFTER 126 ITERATIONS / Time: 0h:0m:16s

--------------------------------------------------------------------
|                    FINALIZING TREE SEARCH                        |
--------------------------------------------------------------------
Performs final model parameters optimization
Estimate model parameters (epsilon = 0.010)
1. Initial log-likelihood: -6251.313
Optimal log-likelihood: -6251.313
Proportion of invariable sites: 0.033
Gamma shape alpha: 2.553
Parameters optimization took 1 rounds (0.009 sec)
BEST SCORE FOUND : -6251.313
Creating bootstrap support values...
Split supports printed to NEXUS file FAdesaturase.00.lt.iqt.splits.nex
Total tree length: 14.247

Total number of iterations: 126
CPU time used for tree search: 159.824 sec (0h:2m:39s)
Wall-clock time used for tree search: 16.172 sec (0h:0m:16s)
Total CPU time used: 167.030 sec (0h:2m:47s)
Total wall-clock time used: 16.915 sec (0h:0m:16s)

Computing bootstrap consensus tree...
Reading input file FAdesaturase.00.lt.iqt.splits.nex...
30 taxa and 207 splits.
Consensus tree written to FAdesaturase.00.lt.iqt.contree
Reading input trees file FAdesaturase.00.lt.iqt.contree
Log-likelihood of consensus tree: -6251.332

Analysis results written to: 
  IQ-TREE report:                FAdesaturase.00.lt.iqt.iqtree
  Maximum-likelihood tree:       FAdesaturase.00.lt.iqt.treefile
  Likelihood distances:          FAdesaturase.00.lt.iqt.mldist

Ultrafast bootstrap approximation results written to:
  Split support values:          FAdesaturase.00.lt.iqt.splits.nex
  Consensus tree:                FAdesaturase.00.lt.iqt.contree
  Screen log file:               FAdesaturase.00.lt.iqt.log

Date and Time: Fri Nov 22 09:55:58 2019
