[2018-11-12 17:41:13.067] [jointLog] [info] Fragment incompatibility prior below threshold.  Incompatible fragments will be ignored.
[2018-11-12 17:41:13.067] [jointLog] [info] parsing read library format
[2018-11-12 17:41:13.067] [jointLog] [info] There is 1 library.
[2018-11-12 17:41:13.131] [jointLog] [info] Loading Quasi index
[2018-11-12 17:41:13.131] [jointLog] [info] Loading 32-bit quasi index
[2018-11-12 17:41:13.937] [jointLog] [info] done
[2018-11-12 17:41:13.937] [jointLog] [info] Index contained 13044 targets
[2018-11-12 17:41:14.942] [jointLog] [info] Automatically detected most likely library type as IU
[2018-11-12 17:43:07.326] [jointLog] [info] Thread saw mini-batch with a maximum of 0.64% zero probability fragments
[2018-11-12 17:43:07.337] [jointLog] [info] Thread saw mini-batch with a maximum of 0.64% zero probability fragments
[2018-11-12 17:43:07.352] [jointLog] [info] Thread saw mini-batch with a maximum of 0.60% zero probability fragments
[2018-11-12 17:43:07.379] [jointLog] [info] Thread saw mini-batch with a maximum of 0.54% zero probability fragments
[2018-11-12 17:43:07.391] [jointLog] [info] Thread saw mini-batch with a maximum of 0.64% zero probability fragments
[2018-11-12 17:43:07.399] [jointLog] [info] Thread saw mini-batch with a maximum of 0.60% zero probability fragments
[2018-11-12 17:43:07.406] [jointLog] [info] Thread saw mini-batch with a maximum of 0.62% zero probability fragments
[2018-11-12 17:43:07.461] [jointLog] [info] Thread saw mini-batch with a maximum of 0.54% zero probability fragments
[2018-11-12 17:43:07.497] [jointLog] [info] Thread saw mini-batch with a maximum of 0.58% zero probability fragments
[2018-11-12 17:43:07.525] [jointLog] [info] Thread saw mini-batch with a maximum of 0.54% zero probability fragments
[2018-11-12 17:43:07.563] [jointLog] [info] Computed 11583 rich equivalence classes for further processing
[2018-11-12 17:43:07.563] [jointLog] [info] Counted 11241140 total reads in the equivalence classes 
[2018-11-12 17:43:07.564] [jointLog] [warning] 0.00986834% of fragments were shorter than the k used to build the index (31).
If this fraction is too large, consider re-building the index with a smaller k.
The minimum read size found was 20.


[2018-11-12 17:43:07.564] [jointLog] [info] Mapping rate = 59.0061%

[2018-11-12 17:43:07.564] [jointLog] [info] finished quantifyLibrary()
[2018-11-12 17:43:07.564] [jointLog] [info] Starting optimizer
[2018-11-12 17:43:07.567] [jointLog] [info] Marked 0 weighted equivalence classes as degenerate
[2018-11-12 17:43:07.568] [jointLog] [info] iteration = 0 | max rel diff. = 812.823
[2018-11-12 17:43:07.589] [jointLog] [info] iteration = 100 | max rel diff. = 0.0222714
[2018-11-12 17:43:07.608] [jointLog] [info] iteration = 200 | max rel diff. = 0.0237842
[2018-11-12 17:43:07.626] [jointLog] [info] iteration = 291 | max rel diff. = 2.88717e-05
[2018-11-12 17:43:07.626] [jointLog] [info] Finished optimizer
[2018-11-12 17:43:07.626] [jointLog] [info] writing output 

[2018-11-12 17:43:07.563] [fileLog] [info] 
At end of round 0
==================
Observed 19050817 total fragments (19050817 in most recent round)

[2018-11-13 10:25:06.489] [jointLog] [info] Fragment incompatibility prior below threshold.  Incompatible fragments will be ignored.
[2018-11-13 10:25:06.489] [jointLog] [info] parsing read library format
[2018-11-13 10:25:06.489] [jointLog] [info] There is 1 library.
[2018-11-13 10:25:06.539] [jointLog] [info] Loading Quasi index
[2018-11-13 10:25:06.539] [jointLog] [info] Loading 32-bit quasi index
[2018-11-13 10:25:07.326] [jointLog] [info] done
[2018-11-13 10:25:07.326] [jointLog] [info] Index contained 13044 targets
[2018-11-13 10:25:08.115] [jointLog] [info] Automatically detected most likely library type as IU
[2018-11-13 10:26:32.413] [jointLog] [info] Thread saw mini-batch with a maximum of 0.54% zero probability fragments
[2018-11-13 10:26:32.438] [jointLog] [info] Thread saw mini-batch with a maximum of 0.62% zero probability fragments
[2018-11-13 10:26:32.443] [jointLog] [info] Thread saw mini-batch with a maximum of 0.60% zero probability fragments
[2018-11-13 10:26:32.452] [jointLog] [info] Thread saw mini-batch with a maximum of 0.64% zero probability fragments
[2018-11-13 10:26:32.457] [jointLog] [info] Thread saw mini-batch with a maximum of 0.62% zero probability fragments
[2018-11-13 10:26:32.489] [jointLog] [info] Thread saw mini-batch with a maximum of 0.64% zero probability fragments
[2018-11-13 10:26:32.528] [jointLog] [info] Thread saw mini-batch with a maximum of 0.62% zero probability fragments
[2018-11-13 10:26:32.543] [jointLog] [info] Thread saw mini-batch with a maximum of 0.54% zero probability fragments
[2018-11-13 10:26:32.569] [jointLog] [info] Thread saw mini-batch with a maximum of 0.60% zero probability fragments
[2018-11-13 10:26:32.579] [jointLog] [info] Thread saw mini-batch with a maximum of 0.64% zero probability fragments
[2018-11-13 10:26:32.608] [jointLog] [info] Computed 11583 rich equivalence classes for further processing
[2018-11-13 10:26:32.608] [jointLog] [info] Counted 11241140 total reads in the equivalence classes 
[2018-11-13 10:26:32.610] [jointLog] [warning] 0.00986834% of fragments were shorter than the k used to build the index (31).
If this fraction is too large, consider re-building the index with a smaller k.
The minimum read size found was 20.


[2018-11-13 10:26:32.610] [jointLog] [info] Mapping rate = 59.0061%

[2018-11-13 10:26:32.610] [jointLog] [info] finished quantifyLibrary()
[2018-11-13 10:26:32.610] [jointLog] [info] Starting optimizer
[2018-11-13 10:26:32.613] [jointLog] [info] Marked 0 weighted equivalence classes as degenerate
[2018-11-13 10:26:32.613] [jointLog] [info] iteration = 0 | max rel diff. = 812.816
[2018-11-13 10:26:32.637] [jointLog] [info] iteration = 100 | max rel diff. = 0.0222888
[2018-11-13 10:26:32.657] [jointLog] [info] iteration = 200 | max rel diff. = 0.0238011
[2018-11-13 10:26:32.673] [jointLog] [info] iteration = 292 | max rel diff. = 2.85104e-05
[2018-11-13 10:26:32.673] [jointLog] [info] Finished optimizer
[2018-11-13 10:26:32.673] [jointLog] [info] writing output 

[2018-11-13 10:26:32.608] [fileLog] [info] 
At end of round 0
==================
Observed 19050817 total fragments (19050817 in most recent round)

